[19:36:24.789] Global cache location '/root/.cache/typescript/4.7', safe file path '/mnt/c/Users/yuanz/AppData/Roaming/npm/node_modules/typescript/lib/typingSafeList.json', types map path /mnt/c/Users/yuanz/AppData/Roaming/npm/node_modules/typescript/lib/typesMap.json
[19:36:24.791] Processing cache location '/root/.cache/typescript/4.7'
[19:36:24.793] Trying to find '/root/.cache/typescript/4.7/package.json'...
[19:36:24.794] Finished processing cache location '/root/.cache/typescript/4.7'
[19:36:24.795] Process id: 5051
[19:36:24.796] NPM location: /home/yuanzishuai/.nvm/versions/node/v16.17.0/bin/npm (explicit '--npmLocation' not  provided)
[19:36:24.797] validateDefaultNpmLocation: false
[19:36:24.799] Npm config file: /root/.cache/typescript/4.7/package.json
[19:36:24.800] Npm config file: '/root/.cache/typescript/4.7/package.json' is missing, creating new one...
[19:36:24.803] Updating types-registry npm package...
[19:36:24.804] Exec: /home/yuanzishuai/.nvm/versions/node/v16.17.0/bin/npm install --ignore-scripts types-registry@latest
[19:36:27.394]     Succeeded. stdout:
    
    added 1 package, and audited 2 packages in 2s

found 0 vulnerabilities

[19:36:27.396] Updated types-registry npm package
[19:39:34.090] Got install request {"projectName":"/dev/null/inferredProject1*","fileNames":[],"compilerOptions":{"module":1,"target":3,"jsx":1,"allowJs":true,"allowSyntheticDefaultImports":true,"allowNonTsExtensions":true,"noEmitForJsFiles":true},"typeAcquisition":{"enable":true,"include":[],"exclude":[]},"unresolvedImports":[],"projectRootPath":"/mnt/d/web/practise/50projectPractise/44.custom-range-slider","kind":"discover"}
[19:39:34.110] Loaded safelist from types map file '/mnt/c/Users/yuanz/AppData/Roaming/npm/node_modules/typescript/lib/typesMap.json'
[19:39:34.111] Explicitly included types: []
[19:39:34.114] Inferred typings from unresolved imports: []
[19:39:34.115] Result: {"cachedTypingPaths":[],"newTypingNames":[],"filesToWatch":["/mnt/d/web/practise/50projectPractise/44.custom-range-slider/bower_components","/mnt/d/web/practise/50projectPractise/44.custom-range-slider/node_modules"]}
[19:39:34.116] Finished typings discovery: {"cachedTypingPaths":[],"newTypingNames":[],"filesToWatch":["/mnt/d/web/practise/50projectPractise/44.custom-range-slider/bower_components","/mnt/d/web/practise/50projectPractise/44.custom-range-slider/node_modules"]}
[19:39:34.117] DirectoryWatcher:: Added:: WatchInfo: /mnt/d/web/practise/50projectPractise/44.custom-range-slider/bower_components
[19:39:34.119] DirectoryWatcher:: Added:: WatchInfo: /mnt/d/web/practise/50projectPractise/44.custom-range-slider/bower_components 1 undefined Project: /dev/null/inferredProject1* watcher already invoked: false
[19:39:34.122] Elapsed:: 2.537982001900673ms DirectoryWatcher:: Added:: WatchInfo: /mnt/d/web/practise/50projectPractise/44.custom-range-slider/bower_components 1 undefined Project: /dev/null/inferredProject1* watcher already invoked: false
[19:39:34.123] DirectoryWatcher:: Added:: WatchInfo: /mnt/d/web/practise/50projectPractise/44.custom-range-slider/node_modules
[19:39:34.124] DirectoryWatcher:: Added:: WatchInfo: /mnt/d/web/practise/50projectPractise/44.custom-range-slider/node_modules 1 undefined Project: /dev/null/inferredProject1* watcher already invoked: false
[19:39:34.126] Elapsed:: 1.009987000375986ms DirectoryWatcher:: Added:: WatchInfo: /mnt/d/web/practise/50projectPractise/44.custom-range-slider/node_modules 1 undefined Project: /dev/null/inferredProject1* watcher already invoked: false
[19:39:34.127] Sending response:
    {"projectName":"/dev/null/inferredProject1*","typeAcquisition":{"enable":true,"include":[],"exclude":[]},"compilerOptions":{"module":1,"target":3,"jsx":1,"allowJs":true,"allowSyntheticDefaultImports":true,"allowNonTsExtensions":true,"noEmitForJsFiles":true},"typings":[],"unresolvedImports":[],"kind":"action::set"}
[19:39:34.129] Response has been sent.
[19:39:34.130] No new typings were requested as a result of typings discovery
